2020-11-03 11:38:28.542  INFO 15888 --- [restartedMain] com.example.CRM.CRMApplication           : Starting CRMApplication on DESKTOP-NQ1VNDL with PID 15888 (D:\work\C-R-M\target\classes started by BitS in D:\work\C-R-M)
2020-11-03 11:38:28.548  INFO 15888 --- [restartedMain] com.example.CRM.CRMApplication           : No active profile set, falling back to default profiles: default
2020-11-03 11:38:28.650  INFO 15888 --- [restartedMain] .e.DevToolsPropertyDefaultsPostProcessor : Devtools property defaults active! Set 'spring.devtools.add-properties' to 'false' to disable
2020-11-03 11:38:28.650  INFO 15888 --- [restartedMain] .e.DevToolsPropertyDefaultsPostProcessor : For additional web related logging consider setting the 'logging.level.web' property to 'DEBUG'
2020-11-03 11:38:30.010  INFO 15888 --- [restartedMain] .s.d.r.c.RepositoryConfigurationDelegate : Bootstrapping Spring Data JPA repositories in DEFERRED mode.
2020-11-03 11:38:30.254  INFO 15888 --- [restartedMain] .s.d.r.c.RepositoryConfigurationDelegate : Finished Spring Data repository scanning in 227ms. Found 23 JPA repository interfaces.
2020-11-03 11:38:31.226  INFO 15888 --- [restartedMain] trationDelegate$BeanPostProcessorChecker : Bean 'dataSource' of type [org.springframework.jdbc.datasource.DriverManagerDataSource] is not eligible for getting processed by all BeanPostProcessors (for example: not eligible for auto-proxying)
2020-11-03 11:38:31.417  INFO 15888 --- [restartedMain] o.hibernate.jpa.internal.util.LogHelper  : HHH000204: Processing PersistenceUnitInfo [name: default]
2020-11-03 11:38:31.528  INFO 15888 --- [restartedMain] org.hibernate.Version                    : HHH000412: Hibernate ORM core version 5.4.17.Final
2020-11-03 11:38:31.773  INFO 15888 --- [restartedMain] o.hibernate.annotations.common.Version   : HCANN000001: Hibernate Commons Annotations {5.1.0.Final}
2020-11-03 11:38:32.554  INFO 15888 --- [restartedMain] org.hibernate.dialect.Dialect            : HHH000400: Using dialect: org.hibernate.dialect.MySQL5Dialect
2020-11-03 11:38:32.955  INFO 15888 --- [restartedMain] o.hibernate.id.enhanced.TableGenerator   : HHH000398: Explicit segment value for id generator [hibernate_sequences.sequence_name] suggested; using default [default]
2020-11-03 11:38:34.983  INFO 15888 --- [restartedMain] o.h.e.t.j.p.i.JtaPlatformInitiator       : HHH000490: Using JtaPlatform implementation: [org.hibernate.engine.transaction.jta.platform.internal.NoJtaPlatform]
2020-11-03 11:38:34.995  INFO 15888 --- [restartedMain] j.LocalContainerEntityManagerFactoryBean : Initialized JPA EntityManagerFactory for persistence unit 'default'
2020-11-03 11:38:35.000  INFO 15888 --- [restartedMain] trationDelegate$BeanPostProcessorChecker : Bean 'entityManagerFactory' of type [org.springframework.orm.jpa.LocalContainerEntityManagerFactoryBean] is not eligible for getting processed by all BeanPostProcessors (for example: not eligible for auto-proxying)
2020-11-03 11:38:35.000  INFO 15888 --- [restartedMain] trationDelegate$BeanPostProcessorChecker : Bean 'config' of type [com.example.CRM.Config$$EnhancerBySpringCGLIB$$d0cfaa3b] is not eligible for getting processed by all BeanPostProcessors (for example: not eligible for auto-proxying)
2020-11-03 11:38:35.878  INFO 15888 --- [restartedMain] o.s.b.w.embedded.tomcat.TomcatWebServer  : Tomcat initialized with port(s): 8080 (http)
2020-11-03 11:38:35.903  INFO 15888 --- [restartedMain] o.apache.catalina.core.StandardService   : Starting service [Tomcat]
2020-11-03 11:38:35.904  INFO 15888 --- [restartedMain] org.apache.catalina.core.StandardEngine  : Starting Servlet engine: [Apache Tomcat/9.0.36]
2020-11-03 11:38:36.101  INFO 15888 --- [restartedMain] o.a.c.c.C.[Tomcat].[localhost].[/]       : Initializing Spring embedded WebApplicationContext
2020-11-03 11:38:36.102  INFO 15888 --- [restartedMain] w.s.c.ServletWebServerApplicationContext : Root WebApplicationContext: initialization completed in 7450 ms
2020-11-03 11:38:36.740  WARN 15888 --- [restartedMain] JpaBaseConfiguration$JpaWebConfiguration : spring.jpa.open-in-view is enabled by default. Therefore, database queries may be performed during view rendering. Explicitly configure spring.jpa.open-in-view to disable this warning
2020-11-03 11:38:37.161  INFO 15888 --- [restartedMain] o.s.s.concurrent.ThreadPoolTaskExecutor  : Initializing ExecutorService 'applicationTaskExecutor'
2020-11-03 11:38:37.562  INFO 15888 --- [restartedMain] o.s.s.c.ThreadPoolTaskScheduler          : Initializing ExecutorService 'taskScheduler'
2020-11-03 11:38:37.810  INFO 15888 --- [restartedMain] o.s.b.d.a.OptionalLiveReloadServer       : LiveReload server is running on port 35729
2020-11-03 11:38:37.890  INFO 15888 --- [restartedMain] o.s.b.w.embedded.tomcat.TomcatWebServer  : Tomcat started on port(s): 8080 (http) with context path ''
2020-11-03 11:38:37.895  INFO 15888 --- [restartedMain] DeferredRepositoryInitializationListener : Triggering deferred initialization of Spring Data repositories…
2020-11-03 11:38:39.959  INFO 15888 --- [restartedMain] DeferredRepositoryInitializationListener : Spring Data repositories initialized!
2020-11-03 11:38:39.990  INFO 15888 --- [restartedMain] com.example.CRM.CRMApplication           : Started CRMApplication in 12.145 seconds (JVM running for 13.108)
